<?xml version="1.0" encoding="UTF-8"?>
<!-- Generated by org.testng.reporters.JUnitXMLReporter -->
<testsuite ignored="0" hostname="kishores-Air.mshome.net" failures="0" tests="7" name="Surefire test" time="123.87" errors="0" timestamp="2024-06-13T15:34:23 IST">
  <testcase classname="org.OrgTest" name="createorg" time="0.014"/>
  <testcase classname="org.OrgTest" name="createorgmod" time="0.001"/>
  <testcase classname="con.contactTest" name="createcon" time="0.002"/>
  <testcase classname="con.contactTest" name="createconmod" time="0.001"/>
  <testcase classname="baseclass.Tc_03Test" name="addtocart" time="4.828"/>
  <testcase classname="baseclass.Tc_02_Test" name="createContact" time="8.291"/>
  <testcase classname="baseclass.tc_01Test" name="jupcontactvalid" time="1.406"/>
</testsuite> <!-- Surefire test -->
