<?xml version="1.0" encoding="UTF-8"?>
<testng-results ignored="0" total="4" passed="4" failed="0" skipped="0">
  <reporter-output>
  </reporter-output>
  <suite started-at="2024-06-13T15:36:16 IST" name="Suite" finished-at="2024-06-13T15:36:16 IST" duration-ms="140">
    <groups>
    </groups>
    <test started-at="2024-06-13T15:36:16 IST" name="Test" finished-at="2024-06-13T15:36:16 IST" duration-ms="140">
      <class name="org.OrgTest">
        <test-method signature="createorg()[pri:0, instance:org.OrgTest@641147d0]" started-at="2024-06-13T15:36:16 IST" name="createorg" finished-at="2024-06-13T15:36:16 IST" duration-ms="1" status="PASS">
          <reporter-output>
          </reporter-output>
        </test-method> <!-- createorg -->
        <test-method signature="createorgmod()[pri:0, instance:org.OrgTest@641147d0]" started-at="2024-06-13T15:36:16 IST" name="createorgmod" finished-at="2024-06-13T15:36:16 IST" duration-ms="1" status="PASS">
          <reporter-output>
          </reporter-output>
        </test-method> <!-- createorgmod -->
      </class> <!-- org.OrgTest -->
      <class name="con.contactTest">
        <test-method signature="createcon()[pri:0, instance:con.contactTest@71248c21]" started-at="2024-06-13T15:36:16 IST" name="createcon" finished-at="2024-06-13T15:36:16 IST" duration-ms="11" status="PASS">
          <reporter-output>
          </reporter-output>
        </test-method> <!-- createcon -->
        <test-method signature="createconmod()[pri:0, instance:con.contactTest@71248c21]" started-at="2024-06-13T15:36:16 IST" name="createconmod" finished-at="2024-06-13T15:36:16 IST" duration-ms="1" status="PASS">
          <reporter-output>
          </reporter-output>
        </test-method> <!-- createconmod -->
      </class> <!-- con.contactTest -->
    </test> <!-- Test -->
  </suite> <!-- Suite -->
</testng-results>
