<?xml version="1.0" encoding="UTF-8"?>
<!-- Generated by org.testng.reporters.JUnitXMLReporter -->
<testsuite ignored="0" hostname="kishores-Air.mshome.net" failures="0" tests="4" name="Test" time="0.14" errors="0" timestamp="2024-06-13T15:36:16 IST">
  <testcase classname="con.contactTest" name="createcon" time="0.011"/>
  <testcase classname="con.contactTest" name="createconmod" time="0.001"/>
  <testcase classname="org.OrgTest" name="createorg" time="0.001"/>
  <testcase classname="org.OrgTest" name="createorgmod" time="0.001"/>
</testsuite> <!-- Test -->
